Start testing: Aug 06 21:22 BST
----------------------------------------------------------
2/3 Testing: keyboard_test
2/3 Test: keyboard_test
Command: "/Users/pgas/emulator/xAce/build/tests/keyboard_test"
Directory: /Users/pgas/emulator/xAce/tests
"keyboard_test" start time: Aug 06 21:22 BST
Output:
----------------------------------------------------------
<end of output>
Test time =   0.27 sec
----------------------------------------------------------
Test Passed.
"keyboard_test" end time: Aug 06 21:22 BST
"keyboard_test" time elapsed: 00:00:00
----------------------------------------------------------

3/3 Testing: spooler_test
3/3 Test: spooler_test
Command: "/Users/pgas/emulator/xAce/build/tests/spooler_test"
Directory: /Users/pgas/emulator/xAce/tests
"spooler_test" start time: Aug 06 21:22 BST
Output:
----------------------------------------------------------
<end of output>
Test time =   0.22 sec
----------------------------------------------------------
Test Passed.
"spooler_test" end time: Aug 06 21:22 BST
"spooler_test" time elapsed: 00:00:00
----------------------------------------------------------

End testing: Aug 06 21:22 BST
